{"D:\\test-kerja\\test_keda_tech\\app.js": {"path":"D:\\test-kerja\\test_keda_tech\\app.js","statementMap":{"0":{"start":{"line":1,"column":18},"end":{"line":1,"column":40}},"1":{"start":{"line":2,"column":14},"end":{"line":2,"column":32}},"2":{"start":{"line":3,"column":11},"end":{"line":3,"column":26}},"3":{"start":{"line":4,"column":19},"end":{"line":4,"column":43}},"4":{"start":{"line":5,"column":13},"end":{"line":5,"column":30}},"5":{"start":{"line":6,"column":14},"end":{"line":6,"column":42}},"6":{"start":{"line":7,"column":13},"end":{"line":7,"column":28}},"7":{"start":{"line":8,"column":17},"end":{"line":8,"column":45}},"8":{"start":{"line":9,"column":16},"end":{"line":9,"column":42}},"9":{"start":{"line":10,"column":22},"end":{"line":10,"column":54}},"10":{"start":{"line":14,"column":15},"end":{"line":14,"column":38}},"11":{"start":{"line":15,"column":15},"end":{"line":15,"column":38}},"12":{"start":{"line":17,"column":10},"end":{"line":17,"column":19}},"13":{"start":{"line":20,"column":0},"end":{"line":20,"column":30}},"14":{"start":{"line":24,"column":18},"end":{"line":32,"column":1}},"15":{"start":{"line":26,"column":4},"end":{"line":30,"column":5}},"16":{"start":{"line":27,"column":6},"end":{"line":27,"column":26}},"17":{"start":{"line":29,"column":6},"end":{"line":29,"column":48}},"18":{"start":{"line":37,"column":0},"end":{"line":37,"column":38}},"19":{"start":{"line":38,"column":0},"end":{"line":40,"column":3}},"20":{"start":{"line":39,"column":2},"end":{"line":39,"column":28}},"21":{"start":{"line":39,"column":21},"end":{"line":39,"column":28}},"22":{"start":{"line":41,"column":0},"end":{"line":43,"column":3}},"23":{"start":{"line":42,"column":2},"end":{"line":42,"column":24}},"24":{"start":{"line":45,"column":0},"end":{"line":45,"column":27}},"25":{"start":{"line":46,"column":0},"end":{"line":46,"column":23}},"26":{"start":{"line":47,"column":0},"end":{"line":47,"column":24}},"27":{"start":{"line":48,"column":0},"end":{"line":48,"column":49}},"28":{"start":{"line":49,"column":0},"end":{"line":49,"column":24}},"29":{"start":{"line":50,"column":0},"end":{"line":50,"column":56}},"30":{"start":{"line":52,"column":0},"end":{"line":52,"column":37}},"31":{"start":{"line":53,"column":0},"end":{"line":53,"column":18}},"32":{"start":{"line":54,"column":0},"end":{"line":54,"column":15}},"33":{"start":{"line":64,"column":0},"end":{"line":71,"column":3}},"34":{"start":{"line":66,"column":2},"end":{"line":66,"column":35}},"35":{"start":{"line":67,"column":2},"end":{"line":67,"column":69}},"36":{"start":{"line":69,"column":2},"end":{"line":69,"column":65}},"37":{"start":{"line":75,"column":0},"end":{"line":75,"column":21}}},"fnMap":{"0":{"name":"(anonymous_0)","decl":{"start":{"line":25,"column":10},"end":{"line":25,"column":11}},"loc":{"start":{"line":25,"column":38},"end":{"line":31,"column":3}},"line":25},"1":{"name":"(anonymous_1)","decl":{"start":{"line":38,"column":8},"end":{"line":38,"column":9}},"loc":{"start":{"line":38,"column":26},"end":{"line":40,"column":1}},"line":38},"2":{"name":"(anonymous_2)","decl":{"start":{"line":41,"column":8},"end":{"line":41,"column":9}},"loc":{"start":{"line":41,"column":34},"end":{"line":43,"column":1}},"line":41},"3":{"name":"(anonymous_3)","decl":{"start":{"line":64,"column":8},"end":{"line":64,"column":9}},"loc":{"start":{"line":64,"column":39},"end":{"line":71,"column":1}},"line":64}},"branchMap":{"0":{"loc":{"start":{"line":26,"column":4},"end":{"line":30,"column":5}},"type":"if","locations":[{"start":{"line":26,"column":4},"end":{"line":30,"column":5}},{"start":{"line":28,"column":11},"end":{"line":30,"column":5}}],"line":26},"1":{"loc":{"start":{"line":26,"column":8},"end":{"line":26,"column":50}},"type":"binary-expr","locations":[{"start":{"line":26,"column":8},"end":{"line":26,"column":39}},{"start":{"line":26,"column":43},"end":{"line":26,"column":50}}],"line":26},"2":{"loc":{"start":{"line":39,"column":2},"end":{"line":39,"column":28}},"type":"if","locations":[{"start":{"line":39,"column":2},"end":{"line":39,"column":28}},{"start":{},"end":{}}],"line":39},"3":{"loc":{"start":{"line":67,"column":21},"end":{"line":67,"column":68}},"type":"cond-expr","locations":[{"start":{"line":67,"column":60},"end":{"line":67,"column":63}},{"start":{"line":67,"column":66},"end":{"line":67,"column":68}}],"line":67},"4":{"loc":{"start":{"line":69,"column":45},"end":{"line":69,"column":62}},"type":"binary-expr","locations":[{"start":{"line":69,"column":45},"end":{"line":69,"column":55}},{"start":{"line":69,"column":59},"end":{"line":69,"column":62}}],"line":69}},"s":{"0":1,"1":1,"2":1,"3":1,"4":1,"5":1,"6":1,"7":1,"8":1,"9":1,"10":1,"11":1,"12":1,"13":1,"14":1,"15":5,"16":5,"17":0,"18":1,"19":1,"20":5,"21":5,"22":1,"23":5,"24":1,"25":1,"26":1,"27":1,"28":1,"29":1,"30":1,"31":1,"32":1,"33":1,"34":0,"35":0,"36":0,"37":1},"f":{"0":5,"1":5,"2":5,"3":0},"b":{"0":[5,0],"1":[5,5],"2":[5,0],"3":[0,0],"4":[0,0]},"_coverageSchema":"1a1c01bbd47fc00a2c39e90264f33305004495a9","hash":"43fdd992a29d5a2f64afcc866ef0c5d66abbfb66"}
,"D:\\test-kerja\\test_keda_tech\\config\\config.js": {"path":"D:\\test-kerja\\test_keda_tech\\config\\config.js","statementMap":{"0":{"start":{"line":1,"column":0},"end":{"line":1,"column":27}},"1":{"start":{"line":3,"column":0},"end":{"line":16,"column":1}}},"fnMap":{},"branchMap":{},"s":{"0":1,"1":1},"f":{},"b":{},"_coverageSchema":"1a1c01bbd47fc00a2c39e90264f33305004495a9","hash":"f075d74aa1f4e85d16a2a54cf08f237427c04518"}
,"D:\\test-kerja\\test_keda_tech\\config\\whiteUrl.js": {"path":"D:\\test-kerja\\test_keda_tech\\config\\whiteUrl.js","statementMap":{"0":{"start":{"line":1,"column":0},"end":{"line":4,"column":1}}},"fnMap":{},"branchMap":{},"s":{"0":1},"f":{},"b":{},"_coverageSchema":"1a1c01bbd47fc00a2c39e90264f33305004495a9","hash":"30d09df4f51f1427ef88762c3ec413c005a36062"}
,"D:\\test-kerja\\test_keda_tech\\controllers\\parking\\createParking.js": {"path":"D:\\test-kerja\\test_keda_tech\\controllers\\parking\\createParking.js","statementMap":{"0":{"start":{"line":1,"column":20},"end":{"line":1,"column":43}},"1":{"start":{"line":2,"column":12},"end":{"line":2,"column":26}},"2":{"start":{"line":3,"column":22},"end":{"line":3,"column":58}},"3":{"start":{"line":4,"column":15},"end":{"line":4,"column":32}},"4":{"start":{"line":6,"column":25},"end":{"line":6,"column":67}},"5":{"start":{"line":8,"column":0},"end":{"line":66,"column":1}},"6":{"start":{"line":9,"column":4},"end":{"line":65,"column":5}},"7":{"start":{"line":10,"column":25},"end":{"line":10,"column":33}},"8":{"start":{"line":11,"column":23},"end":{"line":16,"column":10}},"9":{"start":{"line":19,"column":24},"end":{"line":23,"column":9}},"10":{"start":{"line":24,"column":33},"end":{"line":24,"column":67}},"11":{"start":{"line":26,"column":8},"end":{"line":33,"column":9}},"12":{"start":{"line":27,"column":12},"end":{"line":32,"column":22}},"13":{"start":{"line":28,"column":16},"end":{"line":31,"column":17}},"14":{"start":{"line":36,"column":23},"end":{"line":36,"column":101}},"15":{"start":{"line":37,"column":24},"end":{"line":37,"column":103}},"16":{"start":{"line":38,"column":8},"end":{"line":52,"column":9}},"17":{"start":{"line":41,"column":28},"end":{"line":41,"column":74}},"18":{"start":{"line":42,"column":16},"end":{"line":42,"column":46}},"19":{"start":{"line":43,"column":16},"end":{"line":43,"column":46}},"20":{"start":{"line":44,"column":16},"end":{"line":44,"column":22}},"21":{"start":{"line":47,"column":35},"end":{"line":47,"column":81}},"22":{"start":{"line":48,"column":16},"end":{"line":48,"column":53}},"23":{"start":{"line":49,"column":16},"end":{"line":49,"column":53}},"24":{"start":{"line":51,"column":16},"end":{"line":51,"column":22}},"25":{"start":{"line":54,"column":8},"end":{"line":54,"column":43}},"26":{"start":{"line":55,"column":8},"end":{"line":55,"column":43}},"27":{"start":{"line":56,"column":27},"end":{"line":56,"column":57}},"28":{"start":{"line":57,"column":8},"end":{"line":60,"column":10}},"29":{"start":{"line":61,"column":8},"end":{"line":61,"column":15}},"30":{"start":{"line":63,"column":8},"end":{"line":63,"column":35}},"31":{"start":{"line":64,"column":8},"end":{"line":64,"column":19}}},"fnMap":{"0":{"name":"(anonymous_0)","decl":{"start":{"line":8,"column":17},"end":{"line":8,"column":18}},"loc":{"start":{"line":8,"column":43},"end":{"line":66,"column":1}},"line":8},"1":{"name":"(anonymous_1)","decl":{"start":{"line":27,"column":60},"end":{"line":27,"column":61}},"loc":{"start":{"line":27,"column":68},"end":{"line":32,"column":13}},"line":27}},"branchMap":{"0":{"loc":{"start":{"line":26,"column":8},"end":{"line":33,"column":9}},"type":"if","locations":[{"start":{"line":26,"column":8},"end":{"line":33,"column":9}},{"start":{},"end":{}}],"line":26},"1":{"loc":{"start":{"line":38,"column":8},"end":{"line":52,"column":9}},"type":"switch","locations":[{"start":{"line":39,"column":12},"end":{"line":44,"column":22}},{"start":{"line":45,"column":12},"end":{"line":49,"column":53}},{"start":{"line":50,"column":12},"end":{"line":51,"column":22}}],"line":38}},"s":{"0":1,"1":1,"2":1,"3":1,"4":1,"5":1,"6":5,"7":5,"8":5,"9":5,"10":5,"11":5,"12":4,"13":8,"14":1,"15":1,"16":1,"17":0,"18":0,"19":0,"20":0,"21":1,"22":1,"23":1,"24":1,"25":1,"26":1,"27":1,"28":1,"29":1,"30":0,"31":0},"f":{"0":5,"1":8},"b":{"0":[4,1],"1":[0,1,1]},"_coverageSchema":"1a1c01bbd47fc00a2c39e90264f33305004495a9","hash":"632622605080cc4aedd9b696e58c0ba2f62a39ae"}
,"D:\\test-kerja\\test_keda_tech\\controllers\\parking\\index.js": {"path":"D:\\test-kerja\\test_keda_tech\\controllers\\parking\\index.js","statementMap":{"0":{"start":{"line":1,"column":22},"end":{"line":1,"column":48}},"1":{"start":{"line":4,"column":0},"end":{"line":6,"column":1}}},"fnMap":{},"branchMap":{},"s":{"0":1,"1":1},"f":{},"b":{},"_coverageSchema":"1a1c01bbd47fc00a2c39e90264f33305004495a9","hash":"8d65a4d6b55c278460f3b76c3cea5b60aeedad24"}
,"D:\\test-kerja\\test_keda_tech\\helpers\\calculate_parking.js": {"path":"D:\\test-kerja\\test_keda_tech\\helpers\\calculate_parking.js","statementMap":{"0":{"start":{"line":1,"column":15},"end":{"line":1,"column":32}},"1":{"start":{"line":3,"column":0},"end":{"line":39,"column":1}},"2":{"start":{"line":5,"column":18},"end":{"line":5,"column":56}},"3":{"start":{"line":6,"column":19},"end":{"line":6,"column":58}},"4":{"start":{"line":7,"column":34},"end":{"line":7,"column":67}},"5":{"start":{"line":8,"column":31},"end":{"line":8,"column":71}},"6":{"start":{"line":10,"column":4},"end":{"line":36,"column":5}},"7":{"start":{"line":12,"column":26},"end":{"line":12,"column":67}},"8":{"start":{"line":13,"column":32},"end":{"line":13,"column":68}},"9":{"start":{"line":14,"column":31},"end":{"line":14,"column":63}},"10":{"start":{"line":15,"column":42},"end":{"line":15,"column":62}},"11":{"start":{"line":16,"column":8},"end":{"line":20,"column":9}},"12":{"start":{"line":17,"column":12},"end":{"line":17,"column":52}},"13":{"start":{"line":19,"column":12},"end":{"line":19,"column":48}},"14":{"start":{"line":21,"column":8},"end":{"line":21,"column":46}},"15":{"start":{"line":22,"column":8},"end":{"line":22,"column":59}},"16":{"start":{"line":23,"column":8},"end":{"line":23,"column":52}},"17":{"start":{"line":25,"column":8},"end":{"line":25,"column":59}},"18":{"start":{"line":27,"column":32},"end":{"line":27,"column":67}},"19":{"start":{"line":29,"column":8},"end":{"line":33,"column":9}},"20":{"start":{"line":30,"column":12},"end":{"line":30,"column":49}},"21":{"start":{"line":32,"column":12},"end":{"line":32,"column":45}},"22":{"start":{"line":34,"column":8},"end":{"line":34,"column":49}},"23":{"start":{"line":35,"column":8},"end":{"line":35,"column":34}},"24":{"start":{"line":38,"column":4},"end":{"line":38,"column":39}}},"fnMap":{"0":{"name":"(anonymous_0)","decl":{"start":{"line":3,"column":17},"end":{"line":3,"column":18}},"loc":{"start":{"line":3,"column":66},"end":{"line":39,"column":1}},"line":3}},"branchMap":{"0":{"loc":{"start":{"line":10,"column":4},"end":{"line":36,"column":5}},"type":"if","locations":[{"start":{"line":10,"column":4},"end":{"line":36,"column":5}},{"start":{"line":26,"column":11},"end":{"line":36,"column":5}}],"line":10},"1":{"loc":{"start":{"line":16,"column":8},"end":{"line":20,"column":9}},"type":"if","locations":[{"start":{"line":16,"column":8},"end":{"line":20,"column":9}},{"start":{"line":18,"column":15},"end":{"line":20,"column":9}}],"line":16},"2":{"loc":{"start":{"line":29,"column":8},"end":{"line":33,"column":9}},"type":"if","locations":[{"start":{"line":29,"column":8},"end":{"line":33,"column":9}},{"start":{"line":31,"column":15},"end":{"line":33,"column":9}}],"line":29}},"s":{"0":1,"1":1,"2":5,"3":5,"4":5,"5":5,"6":5,"7":2,"8":2,"9":2,"10":2,"11":2,"12":2,"13":0,"14":2,"15":2,"16":2,"17":2,"18":3,"19":3,"20":3,"21":0,"22":3,"23":3,"24":5},"f":{"0":5},"b":{"0":[2,3],"1":[2,0],"2":[3,0]},"_coverageSchema":"1a1c01bbd47fc00a2c39e90264f33305004495a9","hash":"0b5ba5cc7b07d19d846528576ac59264cb3d1d60"}
,"D:\\test-kerja\\test_keda_tech\\midleware\\error.js": {"path":"D:\\test-kerja\\test_keda_tech\\midleware\\error.js","statementMap":{"0":{"start":{"line":1,"column":22},"end":{"line":1,"column":55}},"1":{"start":{"line":3,"column":21},"end":{"line":23,"column":1}},"2":{"start":{"line":5,"column":18},"end":{"line":5,"column":28}},"3":{"start":{"line":7,"column":4},"end":{"line":7,"column":32}},"4":{"start":{"line":8,"column":4},"end":{"line":11,"column":5}},"5":{"start":{"line":9,"column":24},"end":{"line":9,"column":40}},"6":{"start":{"line":10,"column":8},"end":{"line":10,"column":48}},"7":{"start":{"line":13,"column":4},"end":{"line":16,"column":5}},"8":{"start":{"line":14,"column":24},"end":{"line":14,"column":73}},"9":{"start":{"line":14,"column":61},"end":{"line":14,"column":72}},"10":{"start":{"line":15,"column":8},"end":{"line":15,"column":56}},"11":{"start":{"line":17,"column":4},"end":{"line":17,"column":31}},"12":{"start":{"line":18,"column":4},"end":{"line":22,"column":6}},"13":{"start":{"line":25,"column":0},"end":{"line":25,"column":29}}},"fnMap":{"0":{"name":"(anonymous_0)","decl":{"start":{"line":3,"column":21},"end":{"line":3,"column":22}},"loc":{"start":{"line":3,"column":46},"end":{"line":23,"column":1}},"line":3},"1":{"name":"(anonymous_1)","decl":{"start":{"line":14,"column":54},"end":{"line":14,"column":55}},"loc":{"start":{"line":14,"column":61},"end":{"line":14,"column":72}},"line":14}},"branchMap":{"0":{"loc":{"start":{"line":8,"column":4},"end":{"line":11,"column":5}},"type":"if","locations":[{"start":{"line":8,"column":4},"end":{"line":11,"column":5}},{"start":{},"end":{}}],"line":8},"1":{"loc":{"start":{"line":13,"column":4},"end":{"line":16,"column":5}},"type":"if","locations":[{"start":{"line":13,"column":4},"end":{"line":16,"column":5}},{"start":{},"end":{}}],"line":13},"2":{"loc":{"start":{"line":18,"column":15},"end":{"line":18,"column":38}},"type":"binary-expr","locations":[{"start":{"line":18,"column":15},"end":{"line":18,"column":31}},{"start":{"line":18,"column":35},"end":{"line":18,"column":38}}],"line":18},"3":{"loc":{"start":{"line":21,"column":17},"end":{"line":21,"column":61}},"type":"binary-expr","locations":[{"start":{"line":21,"column":17},"end":{"line":21,"column":30}},{"start":{"line":21,"column":34},"end":{"line":21,"column":61}}],"line":21}},"s":{"0":1,"1":1,"2":4,"3":4,"4":4,"5":0,"6":0,"7":4,"8":0,"9":0,"10":0,"11":4,"12":4,"13":1},"f":{"0":4,"1":0},"b":{"0":[0,4],"1":[0,4],"2":[4,0],"3":[4,0]},"_coverageSchema":"1a1c01bbd47fc00a2c39e90264f33305004495a9","hash":"7ee18f868585df3d18371212335eb756b000fa30"}
,"D:\\test-kerja\\test_keda_tech\\models\\Parking.js": {"path":"D:\\test-kerja\\test_keda_tech\\models\\Parking.js","statementMap":{"0":{"start":{"line":2,"column":0},"end":{"line":32,"column":1}},"1":{"start":{"line":3,"column":4},"end":{"line":31,"column":7}}},"fnMap":{"0":{"name":"(anonymous_0)","decl":{"start":{"line":2,"column":17},"end":{"line":2,"column":18}},"loc":{"start":{"line":2,"column":36},"end":{"line":32,"column":1}},"line":2}},"branchMap":{},"s":{"0":1,"1":2},"f":{"0":2},"b":{},"_coverageSchema":"1a1c01bbd47fc00a2c39e90264f33305004495a9","hash":"ce9bfef35994da91eda30ac80215922d905a81b4"}
,"D:\\test-kerja\\test_keda_tech\\models\\index.js": {"path":"D:\\test-kerja\\test_keda_tech\\models\\index.js","statementMap":{"0":{"start":{"line":1,"column":11},"end":{"line":1,"column":24}},"1":{"start":{"line":2,"column":13},"end":{"line":2,"column":28}},"2":{"start":{"line":3,"column":18},"end":{"line":3,"column":38}},"3":{"start":{"line":4,"column":19},"end":{"line":4,"column":46}},"4":{"start":{"line":6,"column":17},"end":{"line":6,"column":42}},"5":{"start":{"line":7,"column":12},"end":{"line":7,"column":49}},"6":{"start":{"line":8,"column":15},"end":{"line":8,"column":30}},"7":{"start":{"line":9,"column":11},"end":{"line":9,"column":13}},"8":{"start":{"line":12,"column":0},"end":{"line":16,"column":1}},"9":{"start":{"line":13,"column":4},"end":{"line":13,"column":50}},"10":{"start":{"line":15,"column":4},"end":{"line":15,"column":89}},"11":{"start":{"line":18,"column":0},"end":{"line":26,"column":7}},"12":{"start":{"line":21,"column":8},"end":{"line":21,"column":94}},"13":{"start":{"line":24,"column":22},"end":{"line":24,"column":89}},"14":{"start":{"line":25,"column":8},"end":{"line":25,"column":31}},"15":{"start":{"line":28,"column":0},"end":{"line":32,"column":3}},"16":{"start":{"line":29,"column":4},"end":{"line":31,"column":5}},"17":{"start":{"line":30,"column":8},"end":{"line":30,"column":36}},"18":{"start":{"line":34,"column":0},"end":{"line":34,"column":25}},"19":{"start":{"line":35,"column":0},"end":{"line":35,"column":25}},"20":{"start":{"line":36,"column":0},"end":{"line":36,"column":66}},"21":{"start":{"line":38,"column":0},"end":{"line":38,"column":20}}},"fnMap":{"0":{"name":"(anonymous_0)","decl":{"start":{"line":20,"column":12},"end":{"line":20,"column":13}},"loc":{"start":{"line":20,"column":20},"end":{"line":22,"column":5}},"line":20},"1":{"name":"(anonymous_1)","decl":{"start":{"line":23,"column":13},"end":{"line":23,"column":14}},"loc":{"start":{"line":23,"column":21},"end":{"line":26,"column":5}},"line":23},"2":{"name":"(anonymous_2)","decl":{"start":{"line":28,"column":24},"end":{"line":28,"column":25}},"loc":{"start":{"line":28,"column":37},"end":{"line":32,"column":1}},"line":28}},"branchMap":{"0":{"loc":{"start":{"line":7,"column":12},"end":{"line":7,"column":49}},"type":"binary-expr","locations":[{"start":{"line":7,"column":12},"end":{"line":7,"column":32}},{"start":{"line":7,"column":36},"end":{"line":7,"column":49}}],"line":7},"1":{"loc":{"start":{"line":12,"column":0},"end":{"line":16,"column":1}},"type":"if","locations":[{"start":{"line":12,"column":0},"end":{"line":16,"column":1}},{"start":{"line":14,"column":7},"end":{"line":16,"column":1}}],"line":12},"2":{"loc":{"start":{"line":21,"column":15},"end":{"line":21,"column":93}},"type":"binary-expr","locations":[{"start":{"line":21,"column":16},"end":{"line":21,"column":39}},{"start":{"line":21,"column":45},"end":{"line":21,"column":62}},{"start":{"line":21,"column":68},"end":{"line":21,"column":92}}],"line":21},"3":{"loc":{"start":{"line":29,"column":4},"end":{"line":31,"column":5}},"type":"if","locations":[{"start":{"line":29,"column":4},"end":{"line":31,"column":5}},{"start":{},"end":{}}],"line":29}},"s":{"0":1,"1":1,"2":1,"3":1,"4":1,"5":1,"6":1,"7":1,"8":1,"9":1,"10":0,"11":1,"12":2,"13":1,"14":1,"15":1,"16":1,"17":0,"18":1,"19":1,"20":1,"21":1},"f":{"0":2,"1":1,"2":1},"b":{"0":[1,0],"1":[1,0],"2":[2,2,1],"3":[0,1]},"_coverageSchema":"1a1c01bbd47fc00a2c39e90264f33305004495a9","hash":"f1d2b7d678bb0b8923a653afe26d775f2595bde3"}
,"D:\\test-kerja\\test_keda_tech\\routes\\api.js": {"path":"D:\\test-kerja\\test_keda_tech\\routes\\api.js","statementMap":{"0":{"start":{"line":1,"column":14},"end":{"line":1,"column":32}},"1":{"start":{"line":2,"column":13},"end":{"line":2,"column":29}},"2":{"start":{"line":5,"column":4},"end":{"line":5,"column":37}},"3":{"start":{"line":9,"column":0},"end":{"line":9,"column":32}},"4":{"start":{"line":15,"column":0},"end":{"line":15,"column":24}}},"fnMap":{},"branchMap":{},"s":{"0":1,"1":1,"2":1,"3":1,"4":1},"f":{},"b":{},"_coverageSchema":"1a1c01bbd47fc00a2c39e90264f33305004495a9","hash":"c32cb56fb8a19d06e1b7f8bf2edd9405b6952cd8"}
,"D:\\test-kerja\\test_keda_tech\\routes\\web.js": {"path":"D:\\test-kerja\\test_keda_tech\\routes\\web.js","statementMap":{"0":{"start":{"line":1,"column":15},"end":{"line":1,"column":42}},"1":{"start":{"line":2,"column":20},"end":{"line":2,"column":40}},"2":{"start":{"line":3,"column":15},"end":{"line":3,"column":35}},"3":{"start":{"line":5,"column":0},"end":{"line":40,"column":2}},"4":{"start":{"line":6,"column":72},"end":{"line":6,"column":81}},"5":{"start":{"line":8,"column":4},"end":{"line":37,"column":5}},"6":{"start":{"line":9,"column":8},"end":{"line":34,"column":11}},"7":{"start":{"line":36,"column":8},"end":{"line":36,"column":43}},"8":{"start":{"line":39,"column":4},"end":{"line":39,"column":56}},"9":{"start":{"line":42,"column":0},"end":{"line":42,"column":24}}},"fnMap":{"0":{"name":"(anonymous_0)","decl":{"start":{"line":5,"column":16},"end":{"line":5,"column":17}},"loc":{"start":{"line":5,"column":36},"end":{"line":40,"column":1}},"line":5}},"branchMap":{"0":{"loc":{"start":{"line":8,"column":4},"end":{"line":37,"column":5}},"type":"if","locations":[{"start":{"line":8,"column":4},"end":{"line":37,"column":5}},{"start":{"line":35,"column":11},"end":{"line":37,"column":5}}],"line":8},"1":{"loc":{"start":{"line":13,"column":37},"end":{"line":15,"column":32}},"type":"cond-expr","locations":[{"start":{"line":13,"column":51},"end":{"line":15,"column":25}},{"start":{"line":15,"column":28},"end":{"line":15,"column":32}}],"line":13},"2":{"loc":{"start":{"line":18,"column":33},"end":{"line":20,"column":32}},"type":"cond-expr","locations":[{"start":{"line":18,"column":43},"end":{"line":20,"column":25}},{"start":{"line":20,"column":28},"end":{"line":20,"column":32}}],"line":18},"3":{"loc":{"start":{"line":23,"column":34},"end":{"line":25,"column":32}},"type":"cond-expr","locations":[{"start":{"line":23,"column":44},"end":{"line":25,"column":25}},{"start":{"line":25,"column":28},"end":{"line":25,"column":32}}],"line":23},"4":{"loc":{"start":{"line":29,"column":37},"end":{"line":29,"column":71}},"type":"cond-expr","locations":[{"start":{"line":29,"column":52},"end":{"line":29,"column":64}},{"start":{"line":29,"column":67},"end":{"line":29,"column":71}}],"line":29}},"s":{"0":1,"1":1,"2":1,"3":1,"4":0,"5":0,"6":0,"7":0,"8":0,"9":1},"f":{"0":0},"b":{"0":[0,0],"1":[0,0],"2":[0,0],"3":[0,0],"4":[0,0]},"_coverageSchema":"1a1c01bbd47fc00a2c39e90264f33305004495a9","hash":"ba6bcfb80759c4de19914bb7c44da1149dd554ea"}
,"D:\\test-kerja\\test_keda_tech\\utils\\ErrorResponse.js": {"path":"D:\\test-kerja\\test_keda_tech\\utils\\ErrorResponse.js","statementMap":{"0":{"start":{"line":3,"column":8},"end":{"line":3,"column":22}},"1":{"start":{"line":4,"column":8},"end":{"line":4,"column":30}},"2":{"start":{"line":5,"column":8},"end":{"line":5,"column":37}},"3":{"start":{"line":9,"column":0},"end":{"line":9,"column":31}}},"fnMap":{"0":{"name":"(anonymous_0)","decl":{"start":{"line":2,"column":4},"end":{"line":2,"column":5}},"loc":{"start":{"line":2,"column":37},"end":{"line":6,"column":5}},"line":2}},"branchMap":{},"s":{"0":4,"1":4,"2":4,"3":1},"f":{"0":4},"b":{},"_coverageSchema":"1a1c01bbd47fc00a2c39e90264f33305004495a9","hash":"d3ba722ac5517b8b5d885ec435cc7ac387b2561a"}
}
