TN:
SF:app.js
FN:25,(anonymous_0)
FN:38,(anonymous_1)
FN:41,(anonymous_2)
FN:64,(anonymous_3)
FNF:4
FNH:3
FNDA:5,(anonymous_0)
FNDA:5,(anonymous_1)
FNDA:5,(anonymous_2)
FNDA:0,(anonymous_3)
DA:1,1
DA:2,1
DA:3,1
DA:4,1
DA:5,1
DA:6,1
DA:7,1
DA:8,1
DA:9,1
DA:10,1
DA:14,1
DA:15,1
DA:17,1
DA:20,1
DA:24,1
DA:26,5
DA:27,5
DA:29,0
DA:37,1
DA:38,1
DA:39,5
DA:41,1
DA:42,5
DA:45,1
DA:46,1
DA:47,1
DA:48,1
DA:49,1
DA:50,1
DA:52,1
DA:53,1
DA:54,1
DA:64,1
DA:66,0
DA:67,0
DA:69,0
DA:75,1
LF:37
LH:33
BRDA:26,0,0,5
BRDA:26,0,1,0
BRDA:26,1,0,5
BRDA:26,1,1,5
BRDA:39,2,0,5
BRDA:39,2,1,0
BRDA:67,3,0,0
BRDA:67,3,1,0
BRDA:69,4,0,0
BRDA:69,4,1,0
BRF:10
BRH:4
end_of_record
TN:
SF:config\config.js
FNF:0
FNH:0
DA:1,1
DA:3,1
LF:2
LH:2
BRF:0
BRH:0
end_of_record
TN:
SF:config\whiteUrl.js
FNF:0
FNH:0
DA:1,1
LF:1
LH:1
BRF:0
BRH:0
end_of_record
TN:
SF:controllers\parking\createParking.js
FN:8,(anonymous_0)
FN:27,(anonymous_1)
FNF:2
FNH:2
FNDA:5,(anonymous_0)
FNDA:8,(anonymous_1)
DA:1,1
DA:2,1
DA:3,1
DA:4,1
DA:6,1
DA:8,1
DA:9,5
DA:10,5
DA:11,5
DA:19,5
DA:24,5
DA:26,5
DA:27,4
DA:28,8
DA:36,1
DA:37,1
DA:38,1
DA:41,0
DA:42,0
DA:43,0
DA:44,0
DA:47,1
DA:48,1
DA:49,1
DA:51,1
DA:54,1
DA:55,1
DA:56,1
DA:57,1
DA:61,1
DA:63,0
DA:64,0
LF:32
LH:26
BRDA:26,0,0,4
BRDA:26,0,1,1
BRDA:38,1,0,0
BRDA:38,1,1,1
BRDA:38,1,2,1
BRF:5
BRH:4
end_of_record
TN:
SF:controllers\parking\index.js
FNF:0
FNH:0
DA:1,1
DA:4,1
LF:2
LH:2
BRF:0
BRH:0
end_of_record
TN:
SF:helpers\calculate_parking.js
FN:3,(anonymous_0)
FNF:1
FNH:1
FNDA:5,(anonymous_0)
DA:1,1
DA:3,1
DA:5,5
DA:6,5
DA:7,5
DA:8,5
DA:10,5
DA:12,2
DA:13,2
DA:14,2
DA:15,2
DA:16,2
DA:17,2
DA:19,0
DA:21,2
DA:22,2
DA:23,2
DA:25,2
DA:27,3
DA:29,3
DA:30,3
DA:32,0
DA:34,3
DA:35,3
DA:38,5
LF:25
LH:23
BRDA:10,0,0,2
BRDA:10,0,1,3
BRDA:16,1,0,2
BRDA:16,1,1,0
BRDA:29,2,0,3
BRDA:29,2,1,0
BRF:6
BRH:4
end_of_record
TN:
SF:midleware\error.js
FN:3,(anonymous_0)
FN:14,(anonymous_1)
FNF:2
FNH:1
FNDA:4,(anonymous_0)
FNDA:0,(anonymous_1)
DA:1,1
DA:3,1
DA:5,4
DA:7,4
DA:8,4
DA:9,0
DA:10,0
DA:13,4
DA:14,0
DA:15,0
DA:17,4
DA:18,4
DA:25,1
LF:13
LH:9
BRDA:8,0,0,0
BRDA:8,0,1,4
BRDA:13,1,0,0
BRDA:13,1,1,4
BRDA:18,2,0,4
BRDA:18,2,1,0
BRDA:21,3,0,4
BRDA:21,3,1,0
BRF:8
BRH:4
end_of_record
TN:
SF:models\Parking.js
FN:2,(anonymous_0)
FNF:1
FNH:1
FNDA:2,(anonymous_0)
DA:2,1
DA:3,2
LF:2
LH:2
BRF:0
BRH:0
end_of_record
TN:
SF:models\index.js
FN:20,(anonymous_0)
FN:23,(anonymous_1)
FN:28,(anonymous_2)
FNF:3
FNH:3
FNDA:2,(anonymous_0)
FNDA:1,(anonymous_1)
FNDA:1,(anonymous_2)
DA:1,1
DA:2,1
DA:3,1
DA:4,1
DA:6,1
DA:7,1
DA:8,1
DA:9,1
DA:12,1
DA:13,1
DA:15,0
DA:18,1
DA:21,2
DA:24,1
DA:25,1
DA:28,1
DA:29,1
DA:30,0
DA:34,1
DA:35,1
DA:36,1
DA:38,1
LF:22
LH:20
BRDA:7,0,0,1
BRDA:7,0,1,0
BRDA:12,1,0,1
BRDA:12,1,1,0
BRDA:21,2,0,2
BRDA:21,2,1,2
BRDA:21,2,2,1
BRDA:29,3,0,0
BRDA:29,3,1,1
BRF:9
BRH:6
end_of_record
TN:
SF:routes\api.js
FNF:0
FNH:0
DA:1,1
DA:2,1
DA:5,1
DA:9,1
DA:15,1
LF:5
LH:5
BRF:0
BRH:0
end_of_record
TN:
SF:routes\web.js
FN:5,(anonymous_0)
FNF:1
FNH:0
FNDA:0,(anonymous_0)
DA:1,1
DA:2,1
DA:3,1
DA:5,1
DA:6,0
DA:8,0
DA:9,0
DA:36,0
DA:39,0
DA:42,1
LF:10
LH:5
BRDA:8,0,0,0
BRDA:8,0,1,0
BRDA:13,1,0,0
BRDA:13,1,1,0
BRDA:18,2,0,0
BRDA:18,2,1,0
BRDA:23,3,0,0
BRDA:23,3,1,0
BRDA:29,4,0,0
BRDA:29,4,1,0
BRF:10
BRH:0
end_of_record
TN:
SF:utils\ErrorResponse.js
FN:2,(anonymous_0)
FNF:1
FNH:1
FNDA:4,(anonymous_0)
DA:3,4
DA:4,4
DA:5,4
DA:9,1
LF:4
LH:4
BRF:0
BRH:0
end_of_record
